1581328014520:add 1 2
1581328299872:add 1 2 3 4
1581328310921:3 4
1581328316396:add 3 4
1581436441145:add 1 2
1581436627178:add 5 7
1581436637408:add 5 6 7
1581437278782:add 1 2 3 4 5 6 7
1581437290935:add 124
1581437297170:add 1 4
1581437358459:add 1,2,4
1581437369861:add 1,3,5,6,3,5
1581437383227:add 1,2,9,454,32423,67687,23,453453,
1581437392403:add 1,2,9,454,32423,67687,23,453453
1581437422998:multiply 1,232,453
1581437477189:multiply 12,3423,4643
1581438213763:help
1581438694143:+ 1.2
1581438701290:+ 1,2,3
1581438711472:* 1,2,3
1581438725148:* 1,4,8,9
1581438735741:help
1581438903307:history
1581438914693:clear
1581438916800:exit
1581439327298:add 1 2 4 4
1581439344037:add 1.3 1.4
1581439386014:add 1.44 1.33
1581439394352:add 1.33 1.44
1581441084225:add 1,1,3
1581441096061:clear
1581441102930:add 1,2,4,5
1581441118399:multiply 1,3,5,5,5
1581441124900:multiply 5,5
1581441133875:multiply 5 5
1581443092694:clear
1581443097689:add 1,2,4
1581443104149:subtract 1,3
1581443118361:- 2,3,5,32,32
1581443133435:- 20,2
1581443176722:- 30,1
1581443201985:subtract 20,4
1581443259289:/ 4,2
1581488517830:exi
1581488521854:exit
1581488534300:help
1581488575649:script
1581488596841:history
1581488607351:clear
1581488612356:help
1581488617031:history
1581488644767:help
1581488666798:multiply 1,2,3
1581488675340:add 1,2,3
1581488682694:add 887,888
1581488720755:add 1+3+3+3
1581489876213:calc 1+2+4
1581491395506:subtract 1,2
1581491406920:subtract 3,1
1581491441424:subtract 8,9
1581493814746:multiply 1,3,0
1581493822370:multiply 2
1581493827899:multiply 2,
1581494218841:help
1581494223330:add
1581494279140:help
1581494634647:add 1,2,3
1581494658091:calc
1581494678675:add 1
1581494685464:multiply 1,
1581495184025:multiply
1581495200399:multiply 1,2,3,
1581495219772:multiply 1+1
1581495255286:multiply 1 1
1581495275608:clear
1581495283154:multiply 1,2,3
1581495290656:* 1,2,4
1581496630739:multiply 1 3
1581496723322:multiply 1,2,8
1581496733011:multiply 2 ,2
1581496740822:multiply 2,2,
1581496898025:multiply 1 2
1581497230142:multiply 2 3
1581497260370:multiply 1,2,2
1581499108153:subtract 5,3
1581499119954:subtract 1,3
1581499130639:subtract 9,7
1581499139155:subtract 9,4,1
1581499958245:divide 9,2
1581499989772:divide 9.3.3
1581500014658:divide 9,3,3
1581500025713:divide 9,9,9
1581500106193:divide 4,2
1581511624577:add 1,2,
1581511976871:multiply 1,2,
1581512272104:multiply 1,2,3,
1581512287942:multiply ,1,
1581512293957:multiply 1,2
1581512301187:multiply 1,5,6
1581512578656:multiply 1,2,3
1581512583439:multiply 1,2,3,
1581512662971:multiply 1,2,
1581512669072:multiply 1,2
1581513110366:multiply 1,2,
1581535573310:exit
1581535611852:add 1
1581535628690:multiply 2
1581544734828:multiply 1,2
1581544743074:multiply 5
1581544756999:multiply 9
1581544764983:multiply 10
1581544783730:multiply 3
1581544799095:clearCalc
1581544853302:multiply 10
1581544879679:multiply 5
1581545020275:multiply 10
1581545025054:multiply 5
1581546044269:add 5
1581546063103:add 2
1581546074416:clearCalc
1581546085049:multiply 10
1581546090506:multiply 4
1581546099378:multiply 2
1581546112718:add 3
1581546654754:multiply 1
1581546671387:multiply 6
1581546694943:multiply 10
1581546710101:multiply 9
1581546730298:multiply 4,5,6
1581546825864:multiply 6,5
1581546835046:multiply 3
1581546842069:multiply 7
1581546885035:multiply 5
1581546920791:clearCalc
1581546932766:multiply 5,6
1581546948667:multiply 7
1581546964149:multiply 5
1581549101364:multiply 1,6
1581549272068:multiply 7
1581549282420:multiply 5
1581549466040:multiply 6
1581549470662:multiply 2
1581549483766:multiply 9
1581549489362:add 4
1581549495961:add 10
1581549503847:divide 2
1581549553417:clearCalc
1581550067870:add 6
1581550075783:multiply 5
1581551012381:factor 3
1581551022337:factor 9
1581551077214:100
1581551081771:factor 100
1581551223399:factor 6
1581551228041:factor 8
1581551266668:fa4
1581551270113:factor 4
1581551346650:factor 6
1581551349287:fa4
1581551352597:factor 4
1581551363101:factor 5
1581551369847:factor 3434
1581551376951:factor 98
1581551387495:factor 56
1581551397358:factor 8
1581573593784:factor 4
1581573598560:factor 4,
1581573611423:multiply 4,
1581573819999:listHist
1581574051355:multiply 3
1581574055477:listHist
1581574117904:multiply 4
1581574121667:listHist
1581608699384:divide 100,0
1581608737608:divide 1000/0
1581609304340:help
1581630970378:subtract 1,2
1581630981497:add 1
1581630987433:subtract 3
1581630993480:add 5
1581631000873:add 6
1581631100833:subtract 1
1581631104216:add5
1581631106729:add 6
1581631109821:add 5
1581631112284:reset
1581631115419:add 7
1581631118675:add 8
1581631124155:divide 3
1581631144419:multiply 5
1581631152363:divide 5,2
1581631477743:multiply 5,2,4
1581631512281:subtract 5,5
1581631602117:subtract 4,2
1581631612860:subtract 4]
1581631615960:subtract 4
1581631651960:subtract 5
1581631662337:subtract -67
1581631669160:subtract
1581631680632:subtract 6
1581631693461:subtract 4,5
1581631892068:subtract 6,3
1581631909483:subtract 6,2
1581631951885:subtract -5,2
1581631964806:subtract -10,2
1581632009318:divide 3,4
1581632153115:listHist
1581633103934:factor 10
1581633109222:fact6
1581633112317:factor 6
1581633610576:clear
